<?xml version="1.0" encoding="UTF-8"?>
<!-- Generated by org.testng.reporters.JUnitReportReporter -->
<testsuite hostname="DESKTOP-F4S4O5V" failures="0" tests="1" name="TestClasses.FBLoginTestClass" time="21.292" errors="0" timestamp="2022-07-09T00:21:29 IST" skipped="0">
  <testcase classname="TestClasses.FBLoginTestClass" name="runLoginTest" time="21.292"/>
  <system-out/>
</testsuite> <!-- TestClasses.FBLoginTestClass -->
